<?xml version="1.0" encoding="UTF-8"?>
<!-- Generated by org.testng.reporters.JUnitXMLReporter -->
<testsuite ignored="1" hostname="GS-3031" failures="0" tests="1" name="Default test" time="9.672" errors="0" timestamp="2021-09-30T14:40:47 IST">
  <testcase classname="com.first_project.testcases.TC_BookStoreLogin" name="verifyUserLogin" time="4.053"/>
  <testcase classname="com.first_project.testcases.TC_BookStoreLogin" name="verifyUserRegistration" time="0.0">
    <ignored/>
  </testcase> <!-- verifyUserRegistration -->
</testsuite> <!-- Default test -->
